Determining if the pthread_create exist failed with the following output:
Change Dir: /home/namangupta98/808x/Week6/Valgrind/build/CMakeFiles/CMakeTmp

Run Build Command:"/usr/bin/make" "cmTC_da765/fast"
/usr/bin/make -f CMakeFiles/cmTC_da765.dir/build.make CMakeFiles/cmTC_da765.dir/build
make[1]: Entering directory '/home/namangupta98/808x/Week6/Valgrind/build/CMakeFiles/CMakeTmp'
Building C object CMakeFiles/cmTC_da765.dir/CheckSymbolExists.c.o
/usr/bin/cc     -o CMakeFiles/cmTC_da765.dir/CheckSymbolExists.c.o   -c /home/namangupta98/808x/Week6/Valgrind/build/CMakeFiles/CMakeTmp/CheckSymbolExists.c
Linking C executable cmTC_da765
/usr/bin/cmake -E cmake_link_script CMakeFiles/cmTC_da765.dir/link.txt --verbose=1
/usr/bin/cc       CMakeFiles/cmTC_da765.dir/CheckSymbolExists.c.o  -o cmTC_da765 -rdynamic 
CMakeFiles/cmTC_da765.dir/CheckSymbolExists.c.o: In function `main':
CheckSymbolExists.c:(.text+0x16): undefined reference to `pthread_create'
collect2: error: ld returned 1 exit status
CMakeFiles/cmTC_da765.dir/build.make:97: recipe for target 'cmTC_da765' failed
make[1]: *** [cmTC_da765] Error 1
make[1]: Leaving directory '/home/namangupta98/808x/Week6/Valgrind/build/CMakeFiles/CMakeTmp'
Makefile:126: recipe for target 'cmTC_da765/fast' failed
make: *** [cmTC_da765/fast] Error 2

File /home/namangupta98/808x/Week6/Valgrind/build/CMakeFiles/CMakeTmp/CheckSymbolExists.c:
/* */
#include <pthread.h>

int main(int argc, char** argv)
{
  (void)argv;
#ifndef pthread_create
  return ((int*)(&pthread_create))[argc];
#else
  (void)argc;
  return 0;
#endif
}

Determining if the function pthread_create exists in the pthreads failed with the following output:
Change Dir: /home/namangupta98/808x/Week6/Valgrind/build/CMakeFiles/CMakeTmp

Run Build Command:"/usr/bin/make" "cmTC_732ac/fast"
/usr/bin/make -f CMakeFiles/cmTC_732ac.dir/build.make CMakeFiles/cmTC_732ac.dir/build
make[1]: Entering directory '/home/namangupta98/808x/Week6/Valgrind/build/CMakeFiles/CMakeTmp'
Building C object CMakeFiles/cmTC_732ac.dir/CheckFunctionExists.c.o
/usr/bin/cc    -DCHECK_FUNCTION_EXISTS=pthread_create   -o CMakeFiles/cmTC_732ac.dir/CheckFunctionExists.c.o   -c /usr/share/cmake-3.5/Modules/CheckFunctionExists.c
Linking C executable cmTC_732ac
/usr/bin/cmake -E cmake_link_script CMakeFiles/cmTC_732ac.dir/link.txt --verbose=1
/usr/bin/cc   -DCHECK_FUNCTION_EXISTS=pthread_create    CMakeFiles/cmTC_732ac.dir/CheckFunctionExists.c.o  -o cmTC_732ac -rdynamic -lpthreads 
/usr/bin/ld: cannot find -lpthreads
collect2: error: ld returned 1 exit status
CMakeFiles/cmTC_732ac.dir/build.make:97: recipe for target 'cmTC_732ac' failed
make[1]: *** [cmTC_732ac] Error 1
make[1]: Leaving directory '/home/namangupta98/808x/Week6/Valgrind/build/CMakeFiles/CMakeTmp'
Makefile:126: recipe for target 'cmTC_732ac/fast' failed
make: *** [cmTC_732ac/fast] Error 2


